2024-11-29 10:09:34.75 [background-preinit] INFO  o.h.validator.internal.util.Version - HV000001: Hibernate Validator 8.0.1.Final
2024-11-29 10:09:34.86 [restartedMain] INFO  c.e.t.TaskManagementSystemApplication - Starting TaskManagementSystemApplication using Java 21 with PID 14220 (H:\Spring Examples, Guides, Projects and Academy\taskmanagement\target\classes started by MANOJ REDDY in H:\Spring Examples, Guides, Projects and Academy\taskmanagement)
2024-11-29 10:09:34.86 [restartedMain] INFO  c.e.t.TaskManagementSystemApplication - The following 1 profile is active: "prod"
2024-11-29 10:09:34.97 [restartedMain] INFO  o.s.b.d.e.DevToolsPropertyDefaultsPostProcessor - Devtools property defaults active! Set 'spring.devtools.add-properties' to 'false' to disable
2024-11-29 10:09:34.97 [restartedMain] INFO  o.s.b.d.e.DevToolsPropertyDefaultsPostProcessor - For additional web related logging consider setting the 'logging.level.web' property to 'DEBUG'
2024-11-29 10:09:36.34 [restartedMain] INFO  o.s.d.r.c.RepositoryConfigurationDelegate - Bootstrapping Spring Data JPA repositories in DEFAULT mode.
2024-11-29 10:09:36.45 [restartedMain] INFO  o.s.d.r.c.RepositoryConfigurationDelegate - Finished Spring Data repository scanning in 93 ms. Found 1 JPA repository interface.
2024-11-29 10:09:37.48 [restartedMain] INFO  o.s.b.w.e.tomcat.TomcatWebServer - Tomcat initialized with port 8090 (http)
2024-11-29 10:09:37.50 [restartedMain] INFO  o.a.coyote.http11.Http11NioProtocol - Initializing ProtocolHandler ["http-nio-8090"]
2024-11-29 10:09:37.50 [restartedMain] INFO  o.a.catalina.core.StandardService - Starting service [Tomcat]
2024-11-29 10:09:37.50 [restartedMain] INFO  o.a.catalina.core.StandardEngine - Starting Servlet engine: [Apache Tomcat/10.1.31]
2024-11-29 10:09:37.56 [restartedMain] INFO  o.a.c.c.C.[Tomcat].[localhost].[/] - Initializing Spring embedded WebApplicationContext
2024-11-29 10:09:37.57 [restartedMain] INFO  o.s.b.w.s.c.ServletWebServerApplicationContext - Root WebApplicationContext: initialization completed in 2584 ms
2024-11-29 10:09:37.62 [restartedMain] INFO  com.zaxxer.hikari.HikariDataSource - HikariPool-1 - Starting...
2024-11-29 10:09:38.37 [restartedMain] INFO  com.zaxxer.hikari.pool.HikariPool - HikariPool-1 - Added connection com.mysql.cj.jdbc.ConnectionImpl@603716c7
2024-11-29 10:09:38.37 [restartedMain] INFO  com.zaxxer.hikari.HikariDataSource - HikariPool-1 - Start completed.
2024-11-29 10:09:38.42 [restartedMain] INFO  o.s.b.a.h.H2ConsoleAutoConfiguration - H2 console available at '/h2-console'. Database available at 'jdbc:mysql://taskmanagementsystem.cju6awocwpee.ap-south-1.rds.amazonaws.com:3306/taskmanagementdb?createDatabaseIfNotExist=true&useSSL=false&useUnicode=yes&characterEncoding=UTF-8&allowPublicKeyRetrieval=true'
2024-11-29 10:09:38.60 [restartedMain] INFO  o.h.jpa.internal.util.LogHelper - HHH000204: Processing PersistenceUnitInfo [name: default]
2024-11-29 10:09:38.67 [restartedMain] INFO  org.hibernate.Version - HHH000412: Hibernate ORM core version 6.4.10.Final
2024-11-29 10:09:38.75 [restartedMain] INFO  o.h.c.i.RegionFactoryInitiator - HHH000026: Second-level cache disabled
2024-11-29 10:09:39.03 [restartedMain] INFO  o.s.o.j.p.SpringPersistenceUnitInfo - No LoadTimeWeaver setup: ignoring JPA class transformer
2024-11-29 10:09:40.47 [restartedMain] INFO  o.h.e.t.j.p.i.JtaPlatformInitiator - HHH000489: No JTA platform available (set 'hibernate.transaction.jta.platform' to enable JTA platform integration)
2024-11-29 10:09:40.67 [restartedMain] INFO  o.s.o.j.LocalContainerEntityManagerFactoryBean - Initialized JPA EntityManagerFactory for persistence unit 'default'
2024-11-29 10:09:41.30 [restartedMain] INFO  c.e.t.s.SchedulerConfig - Configuring ThreadPoolTaskScheduler...
2024-11-29 10:09:41.30 [restartedMain] INFO  c.e.t.s.SchedulerConfig - ThreadPoolTaskScheduler configured with pool size: 5 
2024-11-29 10:09:41.41 [restartedMain] WARN  o.s.b.a.o.j.JpaBaseConfiguration$JpaWebConfiguration - spring.jpa.open-in-view is enabled by default. Therefore, database queries may be performed during view rendering. Explicitly configure spring.jpa.open-in-view to disable this warning
2024-11-29 10:09:42.35 [restartedMain] INFO  o.s.b.d.a.OptionalLiveReloadServer - LiveReload server is running on port 35729
2024-11-29 10:09:42.38 [restartedMain] INFO  o.a.coyote.http11.Http11NioProtocol - Starting ProtocolHandler ["http-nio-8090"]
2024-11-29 10:09:42.46 [restartedMain] INFO  o.s.b.w.e.tomcat.TomcatWebServer - Tomcat started on port 8090 (http) with context path ''
2024-11-29 10:09:42.52 [restartedMain] INFO  c.e.t.TaskManagementSystemApplication - Started TaskManagementSystemApplication in 9.028 seconds (process running for 10.282)
2024-11-29 10:09:42.55 [restartedMain] INFO  c.e.t.TaskManagementSystemApplication - Task Management System Application started successfully.
2024-11-29 10:09:42.65 [TaskScheduler-1] INFO  c.e.t.scheduler.TaskStatusScheduler - Checking for tasks to update status...
2024-11-29 10:09:42.66 [TaskScheduler-1] INFO  c.e.t.s.impltaskservice.ITaskService - Fetching tasks with status: PENDING 
2024-11-29 10:09:43.01 [TaskScheduler-1] INFO  c.e.t.s.impltaskservice.ITaskService - Found 0 tasks with status: PENDING 
2024-11-29 10:09:43.01 [TaskScheduler-1] INFO  c.e.t.scheduler.TaskStatusScheduler - Found 0 pending tasks. 
2024-11-29 10:09:43.01 [TaskScheduler-1] INFO  c.e.t.scheduler.TaskStatusScheduler - Task status update process completed.
2024-11-29 10:10:11.54 [http-nio-8090-exec-1] INFO  o.a.c.c.C.[Tomcat].[localhost].[/] - Initializing Spring DispatcherServlet 'dispatcherServlet'
2024-11-29 10:10:11.54 [http-nio-8090-exec-1] INFO  o.s.web.servlet.DispatcherServlet - Initializing Servlet 'dispatcherServlet'
2024-11-29 10:10:11.54 [http-nio-8090-exec-1] INFO  o.s.web.servlet.DispatcherServlet - Completed initialization in 1 ms
2024-11-29 10:10:11.58 [http-nio-8090-exec-1] INFO  c.e.t.r.RequestInterceptor - 1 - pre handle.
2024-11-29 10:10:11.58 [http-nio-8090-exec-1] INFO  c.e.t.r.RequestInterceptor - METHOD type : GET
2024-11-29 10:10:11.58 [http-nio-8090-exec-1] INFO  c.e.t.r.RequestInterceptor - Request URI : /v1/tasks
2024-11-29 10:10:11.58 [http-nio-8090-exec-1] INFO  c.e.t.r.RequestInterceptor - Servlet PATH : /v1/tasks
2024-11-29 10:10:11.58 [http-nio-8090-exec-1] INFO  c.e.t.r.RequestInterceptor - Controller name : com.example.taskmanagement.controller.TaskController
2024-11-29 10:10:11.58 [http-nio-8090-exec-1] INFO  c.e.t.r.RequestInterceptor - Method name : getAllTasks
2024-11-29 10:10:11.60 [http-nio-8090-exec-1] INFO  c.e.t.controller.TaskController - Fetching all tasks
2024-11-29 10:10:11.61 [http-nio-8090-exec-1] INFO  c.e.t.s.impltaskservice.ITaskService - Retrieving all tasks.
2024-11-29 10:10:11.96 [http-nio-8090-exec-1] INFO  c.e.t.r.RequestInterceptor - 2 - Post-handle : Request processed by controller.
2024-11-29 10:10:11.97 [http-nio-8090-exec-1] INFO  c.e.t.r.RequestInterceptor - 3 - After completion: Request processing finished.
2024-11-29 10:10:42.59 [TaskScheduler-1] INFO  c.e.t.scheduler.TaskStatusScheduler - Checking for tasks to update status...
2024-11-29 10:10:42.59 [TaskScheduler-1] INFO  c.e.t.s.impltaskservice.ITaskService - Fetching tasks with status: PENDING 
2024-11-29 10:10:42.62 [TaskScheduler-1] INFO  c.e.t.s.impltaskservice.ITaskService - Found 0 tasks with status: PENDING 
2024-11-29 10:10:42.62 [TaskScheduler-1] INFO  c.e.t.scheduler.TaskStatusScheduler - Found 0 pending tasks. 
2024-11-29 10:10:42.62 [TaskScheduler-1] INFO  c.e.t.scheduler.TaskStatusScheduler - Task status update process completed.
2024-11-29 10:11:42.59 [TaskScheduler-1] INFO  c.e.t.scheduler.TaskStatusScheduler - Checking for tasks to update status...
2024-11-29 10:11:42.59 [TaskScheduler-1] INFO  c.e.t.s.impltaskservice.ITaskService - Fetching tasks with status: PENDING 
2024-11-29 10:11:42.63 [TaskScheduler-1] INFO  c.e.t.s.impltaskservice.ITaskService - Found 0 tasks with status: PENDING 
2024-11-29 10:11:42.63 [TaskScheduler-1] INFO  c.e.t.scheduler.TaskStatusScheduler - Found 0 pending tasks. 
2024-11-29 10:11:42.63 [TaskScheduler-1] INFO  c.e.t.scheduler.TaskStatusScheduler - Task status update process completed.
2024-11-29 10:12:42.59 [TaskScheduler-2] INFO  c.e.t.scheduler.TaskStatusScheduler - Checking for tasks to update status...
2024-11-29 10:12:42.59 [TaskScheduler-2] INFO  c.e.t.s.impltaskservice.ITaskService - Fetching tasks with status: PENDING 
2024-11-29 10:12:42.63 [TaskScheduler-2] INFO  c.e.t.s.impltaskservice.ITaskService - Found 0 tasks with status: PENDING 
2024-11-29 10:12:42.63 [TaskScheduler-2] INFO  c.e.t.scheduler.TaskStatusScheduler - Found 0 pending tasks. 
2024-11-29 10:12:42.63 [TaskScheduler-2] INFO  c.e.t.scheduler.TaskStatusScheduler - Task status update process completed.
2024-11-29 10:12:55.88 [http-nio-8090-exec-3] INFO  c.e.t.r.RequestInterceptor - 1 - pre handle.
2024-11-29 10:12:55.88 [http-nio-8090-exec-3] INFO  c.e.t.r.RequestInterceptor - METHOD type : GET
2024-11-29 10:12:55.88 [http-nio-8090-exec-3] INFO  c.e.t.r.RequestInterceptor - Request URI : /v1/tasks/a6adfa05-d1fa-470a-b99c-b703ba39b19a
2024-11-29 10:12:55.88 [http-nio-8090-exec-3] INFO  c.e.t.r.RequestInterceptor - Servlet PATH : /v1/tasks/a6adfa05-d1fa-470a-b99c-b703ba39b19a
2024-11-29 10:12:55.88 [http-nio-8090-exec-3] INFO  c.e.t.r.RequestInterceptor - Controller name : com.example.taskmanagement.controller.TaskController
2024-11-29 10:12:55.88 [http-nio-8090-exec-3] INFO  c.e.t.r.RequestInterceptor - Method name : getTaskById
2024-11-29 10:12:55.91 [http-nio-8090-exec-3] INFO  c.e.t.controller.TaskController - Fetching task with ID: a6adfa05-d1fa-470a-b99c-b703ba39b19a 
2024-11-29 10:12:55.91 [http-nio-8090-exec-3] INFO  c.e.t.s.impltaskservice.ITaskService - Retrieving task with ID: a6adfa05-d1fa-470a-b99c-b703ba39b19a 
2024-11-29 10:12:56.32 [http-nio-8090-exec-3] INFO  c.e.t.r.RequestInterceptor - 2 - Post-handle : Request processed by controller.
2024-11-29 10:12:56.32 [http-nio-8090-exec-3] INFO  c.e.t.r.RequestInterceptor - 3 - After completion: Request processing finished.
2024-11-29 10:13:42.59 [TaskScheduler-3] INFO  c.e.t.scheduler.TaskStatusScheduler - Checking for tasks to update status...
2024-11-29 10:13:42.59 [TaskScheduler-3] INFO  c.e.t.s.impltaskservice.ITaskService - Fetching tasks with status: PENDING 
2024-11-29 10:13:42.65 [TaskScheduler-3] INFO  c.e.t.s.impltaskservice.ITaskService - Found 0 tasks with status: PENDING 
2024-11-29 10:13:42.65 [TaskScheduler-3] INFO  c.e.t.scheduler.TaskStatusScheduler - Found 0 pending tasks. 
2024-11-29 10:13:42.65 [TaskScheduler-3] INFO  c.e.t.scheduler.TaskStatusScheduler - Task status update process completed.
2024-11-29 10:14:42.58 [TaskScheduler-3] INFO  c.e.t.scheduler.TaskStatusScheduler - Checking for tasks to update status...
2024-11-29 10:14:42.58 [TaskScheduler-3] INFO  c.e.t.s.impltaskservice.ITaskService - Fetching tasks with status: PENDING 
2024-11-29 10:14:42.61 [TaskScheduler-3] INFO  c.e.t.s.impltaskservice.ITaskService - Found 0 tasks with status: PENDING 
2024-11-29 10:14:42.63 [TaskScheduler-3] INFO  c.e.t.scheduler.TaskStatusScheduler - Found 0 pending tasks. 
2024-11-29 10:14:42.63 [TaskScheduler-3] INFO  c.e.t.scheduler.TaskStatusScheduler - Task status update process completed.
2024-11-29 10:15:42.80 [TaskScheduler-3] INFO  c.e.t.scheduler.TaskStatusScheduler - Checking for tasks to update status...
2024-11-29 10:15:42.80 [TaskScheduler-3] INFO  c.e.t.s.impltaskservice.ITaskService - Fetching tasks with status: PENDING 
2024-11-29 10:15:43.06 [TaskScheduler-3] INFO  c.e.t.s.impltaskservice.ITaskService - Found 0 tasks with status: PENDING 
2024-11-29 10:15:43.07 [TaskScheduler-3] INFO  c.e.t.scheduler.TaskStatusScheduler - Found 0 pending tasks. 
2024-11-29 10:15:43.07 [TaskScheduler-3] INFO  c.e.t.scheduler.TaskStatusScheduler - Task status update process completed.
2024-11-29 10:15:50.46 [http-nio-8090-exec-6] INFO  c.e.t.r.RequestInterceptor - 1 - pre handle.
2024-11-29 10:15:50.46 [http-nio-8090-exec-6] INFO  c.e.t.r.RequestInterceptor - METHOD type : GET
2024-11-29 10:15:50.46 [http-nio-8090-exec-6] INFO  c.e.t.r.RequestInterceptor - Request URI : /v1/tasks
2024-11-29 10:15:50.46 [http-nio-8090-exec-6] INFO  c.e.t.r.RequestInterceptor - Servlet PATH : /v1/tasks
2024-11-29 10:15:50.47 [http-nio-8090-exec-6] INFO  c.e.t.r.RequestInterceptor - Controller name : com.example.taskmanagement.controller.TaskController
2024-11-29 10:15:50.47 [http-nio-8090-exec-6] INFO  c.e.t.r.RequestInterceptor - Method name : getAllTasks
2024-11-29 10:15:50.47 [http-nio-8090-exec-6] INFO  c.e.t.controller.TaskController - Fetching all tasks
2024-11-29 10:15:50.47 [http-nio-8090-exec-6] INFO  c.e.t.s.impltaskservice.ITaskService - Retrieving all tasks.
2024-11-29 10:15:50.70 [http-nio-8090-exec-6] INFO  c.e.t.r.RequestInterceptor - 2 - Post-handle : Request processed by controller.
2024-11-29 10:15:50.70 [http-nio-8090-exec-6] INFO  c.e.t.r.RequestInterceptor - 3 - After completion: Request processing finished.
2024-11-29 10:16:42.58 [TaskScheduler-3] INFO  c.e.t.scheduler.TaskStatusScheduler - Checking for tasks to update status...
2024-11-29 10:16:42.58 [TaskScheduler-3] INFO  c.e.t.s.impltaskservice.ITaskService - Fetching tasks with status: PENDING 
2024-11-29 10:16:42.62 [TaskScheduler-3] INFO  c.e.t.s.impltaskservice.ITaskService - Found 0 tasks with status: PENDING 
2024-11-29 10:16:42.62 [TaskScheduler-3] INFO  c.e.t.scheduler.TaskStatusScheduler - Found 0 pending tasks. 
2024-11-29 10:16:42.62 [TaskScheduler-3] INFO  c.e.t.scheduler.TaskStatusScheduler - Task status update process completed.
2024-11-29 10:17:42.57 [TaskScheduler-3] INFO  c.e.t.scheduler.TaskStatusScheduler - Checking for tasks to update status...
2024-11-29 10:17:42.57 [TaskScheduler-3] INFO  c.e.t.s.impltaskservice.ITaskService - Fetching tasks with status: PENDING 
2024-11-29 10:17:42.62 [TaskScheduler-3] INFO  c.e.t.s.impltaskservice.ITaskService - Found 0 tasks with status: PENDING 
2024-11-29 10:17:42.62 [TaskScheduler-3] INFO  c.e.t.scheduler.TaskStatusScheduler - Found 0 pending tasks. 
2024-11-29 10:17:42.62 [TaskScheduler-3] INFO  c.e.t.scheduler.TaskStatusScheduler - Task status update process completed.
2024-11-29 10:18:42.65 [TaskScheduler-3] INFO  c.e.t.scheduler.TaskStatusScheduler - Checking for tasks to update status...
2024-11-29 10:18:42.65 [TaskScheduler-3] INFO  c.e.t.s.impltaskservice.ITaskService - Fetching tasks with status: PENDING 
2024-11-29 10:18:42.70 [TaskScheduler-3] INFO  c.e.t.s.impltaskservice.ITaskService - Found 0 tasks with status: PENDING 
2024-11-29 10:18:42.70 [TaskScheduler-3] INFO  c.e.t.scheduler.TaskStatusScheduler - Found 0 pending tasks. 
2024-11-29 10:18:42.70 [TaskScheduler-3] INFO  c.e.t.scheduler.TaskStatusScheduler - Task status update process completed.
2024-11-29 10:18:50.18 [http-nio-8090-exec-8] INFO  c.e.t.r.RequestInterceptor - 1 - pre handle.
2024-11-29 10:18:50.18 [http-nio-8090-exec-8] INFO  c.e.t.r.RequestInterceptor - METHOD type : POST
2024-11-29 10:18:50.18 [http-nio-8090-exec-8] INFO  c.e.t.r.RequestInterceptor - Request URI : /v1/tasks
2024-11-29 10:18:50.19 [http-nio-8090-exec-8] INFO  c.e.t.r.RequestInterceptor - Servlet PATH : /v1/tasks
2024-11-29 10:18:50.19 [http-nio-8090-exec-8] INFO  c.e.t.r.RequestInterceptor - Controller name : com.example.taskmanagement.controller.TaskController
2024-11-29 10:18:50.19 [http-nio-8090-exec-8] INFO  c.e.t.r.RequestInterceptor - Method name : createTask
2024-11-29 10:18:50.39 [http-nio-8090-exec-8] WARN  o.s.w.s.m.m.a.ExceptionHandlerExceptionResolver - Resolved [org.springframework.web.bind.MethodArgumentNotValidException: Validation failed for argument [0] in public org.springframework.http.ResponseEntity<com.example.taskmanagement.dto.createtask.CreateTaskResponse> com.example.taskmanagement.controller.TaskController.createTask(com.example.taskmanagement.dto.createtask.CreateTaskDTO) with 2 errors: [Field error in object 'createTaskDTO' on field 'dueDate': rejected value [2023-12-31]; codes [Future.createTaskDTO.dueDate,Future.dueDate,Future.java.time.LocalDate,Future]; arguments [org.springframework.context.support.DefaultMessageSourceResolvable: codes [createTaskDTO.dueDate,dueDate]; arguments []; default message [dueDate]]; default message [Date must be in the Future]] [Field error in object 'createTaskDTO' on field 'title': rejected value [New Task]; codes [Size.createTaskDTO.title,Size.title,Size.java.lang.String,Size]; arguments [org.springframework.context.support.DefaultMessageSourceResolvable: codes [createTaskDTO.title,title]; arguments []; default message [title],60,10]; default message [Title must be atleast 10 characters & must not exceed 60 characters.]] ]
2024-11-29 10:18:50.39 [http-nio-8090-exec-8] INFO  c.e.t.r.RequestInterceptor - 3 - After completion: Request processing finished.
2024-11-29 10:19:25.24 [http-nio-8090-exec-10] INFO  c.e.t.r.RequestInterceptor - 1 - pre handle.
2024-11-29 10:19:25.25 [http-nio-8090-exec-10] INFO  c.e.t.r.RequestInterceptor - METHOD type : POST
2024-11-29 10:19:25.25 [http-nio-8090-exec-10] INFO  c.e.t.r.RequestInterceptor - Request URI : /v1/tasks
2024-11-29 10:19:25.25 [http-nio-8090-exec-10] INFO  c.e.t.r.RequestInterceptor - Servlet PATH : /v1/tasks
2024-11-29 10:19:25.26 [http-nio-8090-exec-10] INFO  c.e.t.r.RequestInterceptor - Controller name : com.example.taskmanagement.controller.TaskController
2024-11-29 10:19:25.26 [http-nio-8090-exec-10] INFO  c.e.t.r.RequestInterceptor - Method name : createTask
2024-11-29 10:19:25.27 [http-nio-8090-exec-10] INFO  c.e.t.controller.TaskController - Creating a new task with details: CreateTaskDTO(title=New Task. New Task Title., description=Description of the new task. Description of the new Task., dueDate=2024-12-31) 
2024-11-29 10:19:25.33 [http-nio-8090-exec-10] INFO  c.e.t.s.impltaskservice.ITaskService - Creating a new task with details: CreateTaskDTO(title=New Task. New Task Title., description=Description of the new task. Description of the new Task., dueDate=2024-12-31) 
2024-11-29 10:19:25.36 [http-nio-8090-exec-10] INFO  c.e.t.s.impltaskservice.ITaskService - Task created successfully with ID: 18e51f3b-f256-4e93-aa4f-731e12705451 
2024-11-29 10:19:25.51 [http-nio-8090-exec-10] INFO  c.e.t.r.RequestInterceptor - 2 - Post-handle : Request processed by controller.
2024-11-29 10:19:25.51 [http-nio-8090-exec-10] INFO  c.e.t.r.RequestInterceptor - 3 - After completion: Request processing finished.
2024-11-29 10:19:42.59 [TaskScheduler-3] INFO  c.e.t.scheduler.TaskStatusScheduler - Checking for tasks to update status...
2024-11-29 10:19:42.59 [TaskScheduler-3] INFO  c.e.t.s.impltaskservice.ITaskService - Fetching tasks with status: PENDING 
2024-11-29 10:19:42.64 [TaskScheduler-3] INFO  c.e.t.s.impltaskservice.ITaskService - Found 1 tasks with status: PENDING 
2024-11-29 10:19:42.64 [TaskScheduler-3] INFO  c.e.t.scheduler.TaskStatusScheduler - Found 1 pending tasks. 
2024-11-29 10:19:42.64 [TaskScheduler-3] INFO  c.e.t.scheduler.TaskStatusScheduler - Task status update process completed.
2024-11-29 10:20:42.58 [TaskScheduler-3] INFO  c.e.t.scheduler.TaskStatusScheduler - Checking for tasks to update status...
2024-11-29 10:20:42.58 [TaskScheduler-3] INFO  c.e.t.s.impltaskservice.ITaskService - Fetching tasks with status: PENDING 
2024-11-29 10:20:42.63 [TaskScheduler-3] INFO  c.e.t.s.impltaskservice.ITaskService - Found 1 tasks with status: PENDING 
2024-11-29 10:20:42.65 [TaskScheduler-3] INFO  c.e.t.scheduler.TaskStatusScheduler - Found 1 pending tasks. 
2024-11-29 10:20:42.65 [TaskScheduler-3] INFO  c.e.t.scheduler.TaskStatusScheduler - Task status update process completed.
2024-11-29 10:21:42.59 [TaskScheduler-3] INFO  c.e.t.scheduler.TaskStatusScheduler - Checking for tasks to update status...
2024-11-29 10:21:42.59 [TaskScheduler-3] INFO  c.e.t.s.impltaskservice.ITaskService - Fetching tasks with status: PENDING 
2024-11-29 10:21:42.63 [TaskScheduler-3] INFO  c.e.t.s.impltaskservice.ITaskService - Found 1 tasks with status: PENDING 
2024-11-29 10:21:42.63 [TaskScheduler-3] INFO  c.e.t.scheduler.TaskStatusScheduler - Found 1 pending tasks. 
2024-11-29 10:21:42.63 [TaskScheduler-3] INFO  c.e.t.scheduler.TaskStatusScheduler - Task status update process completed.
2024-11-29 10:22:42.59 [TaskScheduler-3] INFO  c.e.t.scheduler.TaskStatusScheduler - Checking for tasks to update status...
2024-11-29 10:22:42.66 [TaskScheduler-3] INFO  c.e.t.s.impltaskservice.ITaskService - Fetching tasks with status: PENDING 
2024-11-29 10:22:42.84 [TaskScheduler-3] INFO  c.e.t.s.impltaskservice.ITaskService - Found 1 tasks with status: PENDING 
2024-11-29 10:22:42.89 [TaskScheduler-3] INFO  c.e.t.scheduler.TaskStatusScheduler - Found 1 pending tasks. 
2024-11-29 10:22:42.91 [TaskScheduler-3] INFO  c.e.t.scheduler.TaskStatusScheduler - Task status update process completed.
2024-11-29 10:23:42.91 [TaskScheduler-3] INFO  c.e.t.scheduler.TaskStatusScheduler - Checking for tasks to update status...
2024-11-29 10:23:42.92 [TaskScheduler-3] INFO  c.e.t.s.impltaskservice.ITaskService - Fetching tasks with status: PENDING 
2024-11-29 10:23:42.96 [TaskScheduler-3] INFO  c.e.t.s.impltaskservice.ITaskService - Found 1 tasks with status: PENDING 
2024-11-29 10:23:42.96 [TaskScheduler-3] INFO  c.e.t.scheduler.TaskStatusScheduler - Found 1 pending tasks. 
2024-11-29 10:23:42.96 [TaskScheduler-3] INFO  c.e.t.scheduler.TaskStatusScheduler - Task status update process completed.
2024-11-29 10:24:03.06 [http-nio-8090-exec-1] INFO  c.e.t.r.RequestInterceptor - 1 - pre handle.
2024-11-29 10:24:03.06 [http-nio-8090-exec-1] INFO  c.e.t.r.RequestInterceptor - METHOD type : DELETE
2024-11-29 10:24:03.06 [http-nio-8090-exec-1] INFO  c.e.t.r.RequestInterceptor - Request URI : /v1/tasks/18e51f3b-f256-4e93-aa4f-731e12705451
2024-11-29 10:24:03.06 [http-nio-8090-exec-1] INFO  c.e.t.r.RequestInterceptor - Servlet PATH : /v1/tasks/18e51f3b-f256-4e93-aa4f-731e12705451
2024-11-29 10:24:03.07 [http-nio-8090-exec-1] INFO  c.e.t.r.RequestInterceptor - Controller name : com.example.taskmanagement.controller.TaskController
2024-11-29 10:24:03.07 [http-nio-8090-exec-1] INFO  c.e.t.r.RequestInterceptor - Method name : deleteTask
2024-11-29 10:24:03.07 [http-nio-8090-exec-1] INFO  c.e.t.controller.TaskController - Deleting task with ID: 18e51f3b-f256-4e93-aa4f-731e12705451 
2024-11-29 10:24:03.15 [http-nio-8090-exec-1] INFO  c.e.t.s.impltaskservice.ITaskService - Deleting task with ID: 18e51f3b-f256-4e93-aa4f-731e12705451 
2024-11-29 10:24:03.20 [http-nio-8090-exec-1] INFO  c.e.t.s.impltaskservice.ITaskService - Task deleted successfully with ID: 18e51f3b-f256-4e93-aa4f-731e12705451 
2024-11-29 10:24:03.31 [http-nio-8090-exec-1] INFO  c.e.t.r.RequestInterceptor - 2 - Post-handle : Request processed by controller.
2024-11-29 10:24:03.31 [http-nio-8090-exec-1] INFO  c.e.t.r.RequestInterceptor - 3 - After completion: Request processing finished.
2024-11-29 10:24:42.58 [TaskScheduler-3] INFO  c.e.t.scheduler.TaskStatusScheduler - Checking for tasks to update status...
2024-11-29 10:24:42.58 [TaskScheduler-3] INFO  c.e.t.s.impltaskservice.ITaskService - Fetching tasks with status: PENDING 
2024-11-29 10:24:42.63 [TaskScheduler-3] INFO  c.e.t.s.impltaskservice.ITaskService - Found 0 tasks with status: PENDING 
2024-11-29 10:24:42.64 [TaskScheduler-3] INFO  c.e.t.scheduler.TaskStatusScheduler - Found 0 pending tasks. 
2024-11-29 10:24:42.64 [TaskScheduler-3] INFO  c.e.t.scheduler.TaskStatusScheduler - Task status update process completed.
2024-11-29 10:25:27.96 [http-nio-8090-exec-3] INFO  c.e.t.r.RequestInterceptor - 1 - pre handle.
2024-11-29 10:25:27.96 [http-nio-8090-exec-3] INFO  c.e.t.r.RequestInterceptor - METHOD type : DELETE
2024-11-29 10:25:27.96 [http-nio-8090-exec-3] INFO  c.e.t.r.RequestInterceptor - Request URI : /v1/tasks/18e51f3b-f256-4e93-aa4f-731e12705451
2024-11-29 10:25:27.97 [http-nio-8090-exec-3] INFO  c.e.t.r.RequestInterceptor - Servlet PATH : /v1/tasks/18e51f3b-f256-4e93-aa4f-731e12705451
2024-11-29 10:25:27.97 [http-nio-8090-exec-3] INFO  c.e.t.r.RequestInterceptor - Controller name : com.example.taskmanagement.controller.TaskController
2024-11-29 10:25:27.97 [http-nio-8090-exec-3] INFO  c.e.t.r.RequestInterceptor - Method name : deleteTask
2024-11-29 10:25:27.97 [http-nio-8090-exec-3] INFO  c.e.t.controller.TaskController - Deleting task with ID: 18e51f3b-f256-4e93-aa4f-731e12705451 
2024-11-29 10:25:28.04 [http-nio-8090-exec-3] INFO  c.e.t.s.impltaskservice.ITaskService - Deleting task with ID: 18e51f3b-f256-4e93-aa4f-731e12705451 
2024-11-29 10:25:28.08 [http-nio-8090-exec-3] ERROR c.e.t.s.impltaskservice.ITaskService - Task Not Found with the given UUID: 18e51f3b-f256-4e93-aa4f-731e12705451 
2024-11-29 10:25:28.15 [http-nio-8090-exec-3] WARN  o.s.w.s.m.m.a.ExceptionHandlerExceptionResolver - Resolved [com.example.taskmanagement.exceptionhandler.customexception.TaskNotFoundException: Task Not Found with the given UUID : 18e51f3b-f256-4e93-aa4f-731e12705451]
2024-11-29 10:25:28.15 [http-nio-8090-exec-3] INFO  c.e.t.r.RequestInterceptor - 3 - After completion: Request processing finished.
2024-11-29 10:25:42.59 [TaskScheduler-3] INFO  c.e.t.scheduler.TaskStatusScheduler - Checking for tasks to update status...
2024-11-29 10:25:42.59 [TaskScheduler-3] INFO  c.e.t.s.impltaskservice.ITaskService - Fetching tasks with status: PENDING 
2024-11-29 10:25:42.63 [TaskScheduler-3] INFO  c.e.t.s.impltaskservice.ITaskService - Found 0 tasks with status: PENDING 
2024-11-29 10:25:42.63 [TaskScheduler-3] INFO  c.e.t.scheduler.TaskStatusScheduler - Found 0 pending tasks. 
2024-11-29 10:25:42.63 [TaskScheduler-3] INFO  c.e.t.scheduler.TaskStatusScheduler - Task status update process completed.
2024-11-29 10:25:42.95 [http-nio-8090-exec-6] INFO  c.e.t.r.RequestInterceptor - 1 - pre handle.
2024-11-29 10:25:42.95 [http-nio-8090-exec-6] INFO  c.e.t.r.RequestInterceptor - METHOD type : GET
2024-11-29 10:25:42.96 [http-nio-8090-exec-6] INFO  c.e.t.r.RequestInterceptor - Request URI : /v1/tasks/18e51f3b-f256-4e93-aa4f-731e12705451
2024-11-29 10:25:42.96 [http-nio-8090-exec-6] INFO  c.e.t.r.RequestInterceptor - Servlet PATH : /v1/tasks/18e51f3b-f256-4e93-aa4f-731e12705451
2024-11-29 10:25:42.97 [http-nio-8090-exec-6] INFO  c.e.t.r.RequestInterceptor - Controller name : com.example.taskmanagement.controller.TaskController
2024-11-29 10:25:42.97 [http-nio-8090-exec-6] INFO  c.e.t.r.RequestInterceptor - Method name : getTaskById
2024-11-29 10:25:42.97 [http-nio-8090-exec-6] INFO  c.e.t.controller.TaskController - Fetching task with ID: 18e51f3b-f256-4e93-aa4f-731e12705451 
2024-11-29 10:25:42.97 [http-nio-8090-exec-6] INFO  c.e.t.s.impltaskservice.ITaskService - Retrieving task with ID: 18e51f3b-f256-4e93-aa4f-731e12705451 
2024-11-29 10:25:43.17 [http-nio-8090-exec-6] ERROR c.e.t.s.impltaskservice.ITaskService - Task Not Found with the given UUID: 18e51f3b-f256-4e93-aa4f-731e12705451 
2024-11-29 10:25:43.17 [http-nio-8090-exec-6] WARN  o.s.w.s.m.m.a.ExceptionHandlerExceptionResolver - Resolved [com.example.taskmanagement.exceptionhandler.customexception.TaskNotFoundException: Task Not Found with the given UUID : 18e51f3b-f256-4e93-aa4f-731e12705451]
2024-11-29 10:25:43.17 [http-nio-8090-exec-6] INFO  c.e.t.r.RequestInterceptor - 3 - After completion: Request processing finished.
2024-11-29 10:26:42.58 [TaskScheduler-3] INFO  c.e.t.scheduler.TaskStatusScheduler - Checking for tasks to update status...
2024-11-29 10:26:42.58 [TaskScheduler-3] INFO  c.e.t.s.impltaskservice.ITaskService - Fetching tasks with status: PENDING 
2024-11-29 10:26:42.62 [TaskScheduler-3] INFO  c.e.t.s.impltaskservice.ITaskService - Found 0 tasks with status: PENDING 
2024-11-29 10:26:42.62 [TaskScheduler-3] INFO  c.e.t.scheduler.TaskStatusScheduler - Found 0 pending tasks. 
2024-11-29 10:26:42.63 [TaskScheduler-3] INFO  c.e.t.scheduler.TaskStatusScheduler - Task status update process completed.
2024-11-29 10:27:42.60 [TaskScheduler-3] INFO  c.e.t.scheduler.TaskStatusScheduler - Checking for tasks to update status...
2024-11-29 10:27:42.60 [TaskScheduler-3] INFO  c.e.t.s.impltaskservice.ITaskService - Fetching tasks with status: PENDING 
2024-11-29 10:27:42.65 [TaskScheduler-3] INFO  c.e.t.s.impltaskservice.ITaskService - Found 0 tasks with status: PENDING 
2024-11-29 10:27:42.65 [TaskScheduler-3] INFO  c.e.t.scheduler.TaskStatusScheduler - Found 0 pending tasks. 
2024-11-29 10:27:42.66 [TaskScheduler-3] INFO  c.e.t.scheduler.TaskStatusScheduler - Task status update process completed.
2024-11-29 10:28:42.58 [TaskScheduler-3] INFO  c.e.t.scheduler.TaskStatusScheduler - Checking for tasks to update status...
2024-11-29 10:28:42.58 [TaskScheduler-3] INFO  c.e.t.s.impltaskservice.ITaskService - Fetching tasks with status: PENDING 
2024-11-29 10:28:42.63 [TaskScheduler-3] INFO  c.e.t.s.impltaskservice.ITaskService - Found 0 tasks with status: PENDING 
2024-11-29 10:28:42.63 [TaskScheduler-3] INFO  c.e.t.scheduler.TaskStatusScheduler - Found 0 pending tasks. 
2024-11-29 10:28:42.63 [TaskScheduler-3] INFO  c.e.t.scheduler.TaskStatusScheduler - Task status update process completed.
2024-11-29 10:29:20.92 [http-nio-8090-exec-8] INFO  c.e.t.r.RequestInterceptor - 1 - pre handle.
2024-11-29 10:29:20.92 [http-nio-8090-exec-8] INFO  c.e.t.r.RequestInterceptor - METHOD type : GET
2024-11-29 10:29:20.92 [http-nio-8090-exec-8] INFO  c.e.t.r.RequestInterceptor - Request URI : /v1/tasks
2024-11-29 10:29:20.93 [http-nio-8090-exec-8] INFO  c.e.t.r.RequestInterceptor - Servlet PATH : /v1/tasks
2024-11-29 10:29:20.93 [http-nio-8090-exec-8] INFO  c.e.t.r.RequestInterceptor - Controller name : com.example.taskmanagement.controller.TaskController
2024-11-29 10:29:20.93 [http-nio-8090-exec-8] INFO  c.e.t.r.RequestInterceptor - Method name : getAllTasks
2024-11-29 10:29:20.93 [http-nio-8090-exec-8] INFO  c.e.t.controller.TaskController - Fetching all tasks
2024-11-29 10:29:20.93 [http-nio-8090-exec-8] INFO  c.e.t.s.impltaskservice.ITaskService - Retrieving all tasks.
2024-11-29 10:29:21.17 [http-nio-8090-exec-8] INFO  c.e.t.r.RequestInterceptor - 2 - Post-handle : Request processed by controller.
2024-11-29 10:29:21.17 [http-nio-8090-exec-8] INFO  c.e.t.r.RequestInterceptor - 3 - After completion: Request processing finished.
2024-11-29 10:29:42.58 [TaskScheduler-3] INFO  c.e.t.scheduler.TaskStatusScheduler - Checking for tasks to update status...
2024-11-29 10:29:42.58 [TaskScheduler-3] INFO  c.e.t.s.impltaskservice.ITaskService - Fetching tasks with status: PENDING 
2024-11-29 10:29:42.62 [TaskScheduler-3] INFO  c.e.t.s.impltaskservice.ITaskService - Found 0 tasks with status: PENDING 
2024-11-29 10:29:42.62 [TaskScheduler-3] INFO  c.e.t.scheduler.TaskStatusScheduler - Found 0 pending tasks. 
2024-11-29 10:29:42.62 [TaskScheduler-3] INFO  c.e.t.scheduler.TaskStatusScheduler - Task status update process completed.
2024-11-29 10:30:42.58 [TaskScheduler-3] INFO  c.e.t.scheduler.TaskStatusScheduler - Checking for tasks to update status...
2024-11-29 10:30:42.58 [TaskScheduler-3] INFO  c.e.t.s.impltaskservice.ITaskService - Fetching tasks with status: PENDING 
2024-11-29 10:30:42.62 [TaskScheduler-3] INFO  c.e.t.s.impltaskservice.ITaskService - Found 0 tasks with status: PENDING 
2024-11-29 10:30:42.62 [TaskScheduler-3] INFO  c.e.t.scheduler.TaskStatusScheduler - Found 0 pending tasks. 
2024-11-29 10:30:42.62 [TaskScheduler-3] INFO  c.e.t.scheduler.TaskStatusScheduler - Task status update process completed.
2024-11-29 10:31:07.58 [http-nio-8090-exec-10] INFO  c.e.t.r.RequestInterceptor - 1 - pre handle.
2024-11-29 10:31:07.58 [http-nio-8090-exec-10] INFO  c.e.t.r.RequestInterceptor - METHOD type : POST
2024-11-29 10:31:07.58 [http-nio-8090-exec-10] INFO  c.e.t.r.RequestInterceptor - Request URI : /v1/tasks
2024-11-29 10:31:07.58 [http-nio-8090-exec-10] INFO  c.e.t.r.RequestInterceptor - Servlet PATH : /v1/tasks
2024-11-29 10:31:07.58 [http-nio-8090-exec-10] INFO  c.e.t.r.RequestInterceptor - Controller name : com.example.taskmanagement.controller.TaskController
2024-11-29 10:31:07.59 [http-nio-8090-exec-10] INFO  c.e.t.r.RequestInterceptor - Method name : createTask
2024-11-29 10:31:07.59 [http-nio-8090-exec-10] INFO  c.e.t.controller.TaskController - Creating a new task with details: CreateTaskDTO(title=New Task. New Task Title., description=Description of the new task. Description of the new Task., dueDate=2024-12-31) 
2024-11-29 10:31:07.66 [http-nio-8090-exec-10] INFO  c.e.t.s.impltaskservice.ITaskService - Creating a new task with details: CreateTaskDTO(title=New Task. New Task Title., description=Description of the new task. Description of the new Task., dueDate=2024-12-31) 
2024-11-29 10:31:07.66 [http-nio-8090-exec-10] INFO  c.e.t.s.impltaskservice.ITaskService - Task created successfully with ID: 4f652b56-8410-46a4-a9b4-d7de9a96e09c 
2024-11-29 10:31:07.77 [http-nio-8090-exec-10] INFO  c.e.t.r.RequestInterceptor - 2 - Post-handle : Request processed by controller.
2024-11-29 10:31:07.78 [http-nio-8090-exec-10] INFO  c.e.t.r.RequestInterceptor - 3 - After completion: Request processing finished.
2024-11-29 10:31:42.81 [TaskScheduler-3] INFO  c.e.t.scheduler.TaskStatusScheduler - Checking for tasks to update status...
2024-11-29 10:31:42.81 [TaskScheduler-3] INFO  c.e.t.s.impltaskservice.ITaskService - Fetching tasks with status: PENDING 
2024-11-29 10:31:43.07 [TaskScheduler-3] INFO  c.e.t.s.impltaskservice.ITaskService - Found 1 tasks with status: PENDING 
2024-11-29 10:31:43.07 [TaskScheduler-3] INFO  c.e.t.scheduler.TaskStatusScheduler - Found 1 pending tasks. 
2024-11-29 10:31:43.07 [TaskScheduler-3] INFO  c.e.t.scheduler.TaskStatusScheduler - Task status update process completed.
2024-11-29 10:32:08.16 [http-nio-8090-exec-1] INFO  c.e.t.r.RequestInterceptor - 1 - pre handle.
2024-11-29 10:32:08.17 [http-nio-8090-exec-1] INFO  c.e.t.r.RequestInterceptor - METHOD type : PATCH
2024-11-29 10:32:08.17 [http-nio-8090-exec-1] INFO  c.e.t.r.RequestInterceptor - Request URI : /v1/tasks/4f652b56-8410-46a4-a9b4-d7de9a96e09c/complete
2024-11-29 10:32:08.17 [http-nio-8090-exec-1] INFO  c.e.t.r.RequestInterceptor - Servlet PATH : /v1/tasks/4f652b56-8410-46a4-a9b4-d7de9a96e09c/complete
2024-11-29 10:32:08.17 [http-nio-8090-exec-1] INFO  c.e.t.r.RequestInterceptor - Controller name : com.example.taskmanagement.controller.TaskController
2024-11-29 10:32:08.18 [http-nio-8090-exec-1] INFO  c.e.t.r.RequestInterceptor - Method name : markTaskAsComplete
2024-11-29 10:32:08.19 [http-nio-8090-exec-1] INFO  c.e.t.controller.TaskController - Marking task with ID: 4f652b56-8410-46a4-a9b4-d7de9a96e09c as completed
2024-11-29 10:32:08.25 [http-nio-8090-exec-1] INFO  c.e.t.s.impltaskservice.ITaskService - Marking task with ID: 4f652b56-8410-46a4-a9b4-d7de9a96e09c as completed.
2024-11-29 10:32:08.30 [http-nio-8090-exec-1] INFO  c.e.t.s.impltaskservice.ITaskService - Task marked as completed with ID: 4f652b56-8410-46a4-a9b4-d7de9a96e09c 
2024-11-29 10:32:08.42 [http-nio-8090-exec-1] INFO  c.e.t.r.RequestInterceptor - 2 - Post-handle : Request processed by controller.
2024-11-29 10:32:08.42 [http-nio-8090-exec-1] INFO  c.e.t.r.RequestInterceptor - 3 - After completion: Request processing finished.
2024-11-29 10:32:42.57 [TaskScheduler-3] INFO  c.e.t.scheduler.TaskStatusScheduler - Checking for tasks to update status...
2024-11-29 10:32:42.57 [TaskScheduler-3] INFO  c.e.t.s.impltaskservice.ITaskService - Fetching tasks with status: PENDING 
2024-11-29 10:32:42.62 [TaskScheduler-3] INFO  c.e.t.s.impltaskservice.ITaskService - Found 0 tasks with status: PENDING 
2024-11-29 10:32:42.62 [TaskScheduler-3] INFO  c.e.t.scheduler.TaskStatusScheduler - Found 0 pending tasks. 
2024-11-29 10:32:42.62 [TaskScheduler-3] INFO  c.e.t.scheduler.TaskStatusScheduler - Task status update process completed.
2024-11-29 10:33:42.58 [TaskScheduler-3] INFO  c.e.t.scheduler.TaskStatusScheduler - Checking for tasks to update status...
2024-11-29 10:33:42.60 [TaskScheduler-3] INFO  c.e.t.s.impltaskservice.ITaskService - Fetching tasks with status: PENDING 
2024-11-29 10:33:42.65 [TaskScheduler-3] INFO  c.e.t.s.impltaskservice.ITaskService - Found 0 tasks with status: PENDING 
2024-11-29 10:33:42.65 [TaskScheduler-3] INFO  c.e.t.scheduler.TaskStatusScheduler - Found 0 pending tasks. 
2024-11-29 10:33:42.65 [TaskScheduler-3] INFO  c.e.t.scheduler.TaskStatusScheduler - Task status update process completed.
2024-11-29 10:34:27.23 [http-nio-8090-exec-3] INFO  c.e.t.r.RequestInterceptor - 1 - pre handle.
2024-11-29 10:34:27.23 [http-nio-8090-exec-3] INFO  c.e.t.r.RequestInterceptor - METHOD type : GET
2024-11-29 10:34:27.24 [http-nio-8090-exec-3] INFO  c.e.t.r.RequestInterceptor - Request URI : /v1/tasks
2024-11-29 10:34:27.24 [http-nio-8090-exec-3] INFO  c.e.t.r.RequestInterceptor - Servlet PATH : /v1/tasks
2024-11-29 10:34:27.24 [http-nio-8090-exec-3] INFO  c.e.t.r.RequestInterceptor - Controller name : com.example.taskmanagement.controller.TaskController
2024-11-29 10:34:27.24 [http-nio-8090-exec-3] INFO  c.e.t.r.RequestInterceptor - Method name : getAllTasks
2024-11-29 10:34:27.24 [http-nio-8090-exec-3] INFO  c.e.t.controller.TaskController - Fetching all tasks
2024-11-29 10:34:27.24 [http-nio-8090-exec-3] INFO  c.e.t.s.impltaskservice.ITaskService - Retrieving all tasks.
2024-11-29 10:34:27.48 [http-nio-8090-exec-3] INFO  c.e.t.r.RequestInterceptor - 2 - Post-handle : Request processed by controller.
2024-11-29 10:34:27.48 [http-nio-8090-exec-3] INFO  c.e.t.r.RequestInterceptor - 3 - After completion: Request processing finished.
2024-11-29 10:34:42.59 [TaskScheduler-3] INFO  c.e.t.scheduler.TaskStatusScheduler - Checking for tasks to update status...
2024-11-29 10:34:42.59 [TaskScheduler-3] INFO  c.e.t.s.impltaskservice.ITaskService - Fetching tasks with status: PENDING 
2024-11-29 10:34:42.64 [TaskScheduler-3] INFO  c.e.t.s.impltaskservice.ITaskService - Found 0 tasks with status: PENDING 
2024-11-29 10:34:42.64 [TaskScheduler-3] INFO  c.e.t.scheduler.TaskStatusScheduler - Found 0 pending tasks. 
2024-11-29 10:34:42.64 [TaskScheduler-3] INFO  c.e.t.scheduler.TaskStatusScheduler - Task status update process completed.
2024-11-29 10:35:42.59 [TaskScheduler-3] INFO  c.e.t.scheduler.TaskStatusScheduler - Checking for tasks to update status...
2024-11-29 10:35:42.59 [TaskScheduler-3] INFO  c.e.t.s.impltaskservice.ITaskService - Fetching tasks with status: PENDING 
2024-11-29 10:35:42.64 [TaskScheduler-3] INFO  c.e.t.s.impltaskservice.ITaskService - Found 0 tasks with status: PENDING 
2024-11-29 10:35:42.64 [TaskScheduler-3] INFO  c.e.t.scheduler.TaskStatusScheduler - Found 0 pending tasks. 
2024-11-29 10:35:42.64 [TaskScheduler-3] INFO  c.e.t.scheduler.TaskStatusScheduler - Task status update process completed.
2024-11-29 10:36:42.58 [TaskScheduler-3] INFO  c.e.t.scheduler.TaskStatusScheduler - Checking for tasks to update status...
2024-11-29 10:36:42.58 [TaskScheduler-3] INFO  c.e.t.s.impltaskservice.ITaskService - Fetching tasks with status: PENDING 
2024-11-29 10:36:42.63 [TaskScheduler-3] INFO  c.e.t.s.impltaskservice.ITaskService - Found 0 tasks with status: PENDING 
2024-11-29 10:36:42.63 [TaskScheduler-3] INFO  c.e.t.scheduler.TaskStatusScheduler - Found 0 pending tasks. 
2024-11-29 10:36:42.63 [TaskScheduler-3] INFO  c.e.t.scheduler.TaskStatusScheduler - Task status update process completed.
2024-11-29 10:37:42.59 [TaskScheduler-3] INFO  c.e.t.scheduler.TaskStatusScheduler - Checking for tasks to update status...
2024-11-29 10:37:42.59 [TaskScheduler-3] INFO  c.e.t.s.impltaskservice.ITaskService - Fetching tasks with status: PENDING 
2024-11-29 10:37:42.64 [TaskScheduler-3] INFO  c.e.t.s.impltaskservice.ITaskService - Found 0 tasks with status: PENDING 
2024-11-29 10:37:42.64 [TaskScheduler-3] INFO  c.e.t.scheduler.TaskStatusScheduler - Found 0 pending tasks. 
2024-11-29 10:37:42.64 [TaskScheduler-3] INFO  c.e.t.scheduler.TaskStatusScheduler - Task status update process completed.
2024-11-29 10:38:42.58 [TaskScheduler-3] INFO  c.e.t.scheduler.TaskStatusScheduler - Checking for tasks to update status...
2024-11-29 10:38:42.58 [TaskScheduler-3] INFO  c.e.t.s.impltaskservice.ITaskService - Fetching tasks with status: PENDING 
2024-11-29 10:38:42.65 [TaskScheduler-3] INFO  c.e.t.s.impltaskservice.ITaskService - Found 0 tasks with status: PENDING 
2024-11-29 10:38:42.65 [TaskScheduler-3] INFO  c.e.t.scheduler.TaskStatusScheduler - Found 0 pending tasks. 
2024-11-29 10:38:42.65 [TaskScheduler-3] INFO  c.e.t.scheduler.TaskStatusScheduler - Task status update process completed.
2024-11-29 10:39:42.66 [TaskScheduler-3] INFO  c.e.t.scheduler.TaskStatusScheduler - Checking for tasks to update status...
2024-11-29 10:39:42.66 [TaskScheduler-3] INFO  c.e.t.s.impltaskservice.ITaskService - Fetching tasks with status: PENDING 
2024-11-29 10:39:42.92 [TaskScheduler-3] INFO  c.e.t.s.impltaskservice.ITaskService - Found 0 tasks with status: PENDING 
2024-11-29 10:39:42.92 [TaskScheduler-3] INFO  c.e.t.scheduler.TaskStatusScheduler - Found 0 pending tasks. 
2024-11-29 10:39:42.92 [TaskScheduler-3] INFO  c.e.t.scheduler.TaskStatusScheduler - Task status update process completed.
2024-11-29 10:40:42.58 [TaskScheduler-3] INFO  c.e.t.scheduler.TaskStatusScheduler - Checking for tasks to update status...
2024-11-29 10:40:42.58 [TaskScheduler-3] INFO  c.e.t.s.impltaskservice.ITaskService - Fetching tasks with status: PENDING 
2024-11-29 10:40:42.62 [TaskScheduler-3] INFO  c.e.t.s.impltaskservice.ITaskService - Found 0 tasks with status: PENDING 
2024-11-29 10:40:42.64 [TaskScheduler-3] INFO  c.e.t.scheduler.TaskStatusScheduler - Found 0 pending tasks. 
2024-11-29 10:40:42.64 [TaskScheduler-3] INFO  c.e.t.scheduler.TaskStatusScheduler - Task status update process completed.
2024-11-29 10:41:37.81 [http-nio-8090-exec-6] INFO  c.e.t.r.RequestInterceptor - 1 - pre handle.
2024-11-29 10:41:37.81 [http-nio-8090-exec-6] INFO  c.e.t.r.RequestInterceptor - METHOD type : PUT
2024-11-29 10:41:37.82 [http-nio-8090-exec-6] INFO  c.e.t.r.RequestInterceptor - Request URI : /v1/tasks/4f652b56-8410-46a4-a9b4-d7de9a96e09c
2024-11-29 10:41:37.82 [http-nio-8090-exec-6] INFO  c.e.t.r.RequestInterceptor - Servlet PATH : /v1/tasks/4f652b56-8410-46a4-a9b4-d7de9a96e09c
2024-11-29 10:41:37.82 [http-nio-8090-exec-6] INFO  c.e.t.r.RequestInterceptor - Controller name : com.example.taskmanagement.controller.TaskController
2024-11-29 10:41:37.82 [http-nio-8090-exec-6] INFO  c.e.t.r.RequestInterceptor - Method name : updateTask
2024-11-29 10:41:37.87 [http-nio-8090-exec-6] INFO  c.e.t.controller.TaskController - Updating task with ID: 4f652b56-8410-46a4-a9b4-d7de9a96e09c with new details: UpdateTaskDTO(title=Updated Task Title, description=Updated description of the task, dueDate=2024-12-09) 
2024-11-29 10:41:37.94 [http-nio-8090-exec-6] INFO  c.e.t.s.impltaskservice.ITaskService - Updating task with ID: 4f652b56-8410-46a4-a9b4-d7de9a96e09c 
2024-11-29 10:41:37.98 [http-nio-8090-exec-6] INFO  c.e.t.s.impltaskservice.ITaskService - Task updated successfully with ID: 4f652b56-8410-46a4-a9b4-d7de9a96e09c 
2024-11-29 10:41:38.10 [http-nio-8090-exec-6] INFO  c.e.t.r.RequestInterceptor - 2 - Post-handle : Request processed by controller.
2024-11-29 10:41:38.10 [http-nio-8090-exec-6] INFO  c.e.t.r.RequestInterceptor - 3 - After completion: Request processing finished.
2024-11-29 10:41:42.59 [TaskScheduler-3] INFO  c.e.t.scheduler.TaskStatusScheduler - Checking for tasks to update status...
2024-11-29 10:41:42.59 [TaskScheduler-3] INFO  c.e.t.s.impltaskservice.ITaskService - Fetching tasks with status: PENDING 
2024-11-29 10:41:42.63 [TaskScheduler-3] INFO  c.e.t.s.impltaskservice.ITaskService - Found 0 tasks with status: PENDING 
2024-11-29 10:41:42.64 [TaskScheduler-3] INFO  c.e.t.scheduler.TaskStatusScheduler - Found 0 pending tasks. 
2024-11-29 10:41:42.64 [TaskScheduler-3] INFO  c.e.t.scheduler.TaskStatusScheduler - Task status update process completed.
2024-11-29 10:42:42.59 [TaskScheduler-3] INFO  c.e.t.scheduler.TaskStatusScheduler - Checking for tasks to update status...
2024-11-29 10:42:42.60 [TaskScheduler-3] INFO  c.e.t.s.impltaskservice.ITaskService - Fetching tasks with status: PENDING 
2024-11-29 10:42:42.64 [TaskScheduler-3] INFO  c.e.t.s.impltaskservice.ITaskService - Found 0 tasks with status: PENDING 
2024-11-29 10:42:42.64 [TaskScheduler-3] INFO  c.e.t.scheduler.TaskStatusScheduler - Found 0 pending tasks. 
2024-11-29 10:42:42.64 [TaskScheduler-3] INFO  c.e.t.scheduler.TaskStatusScheduler - Task status update process completed.
2024-11-29 10:43:42.57 [TaskScheduler-3] INFO  c.e.t.scheduler.TaskStatusScheduler - Checking for tasks to update status...
2024-11-29 10:43:42.57 [TaskScheduler-3] INFO  c.e.t.s.impltaskservice.ITaskService - Fetching tasks with status: PENDING 
2024-11-29 10:43:42.62 [TaskScheduler-3] INFO  c.e.t.s.impltaskservice.ITaskService - Found 0 tasks with status: PENDING 
2024-11-29 10:43:42.62 [TaskScheduler-3] INFO  c.e.t.scheduler.TaskStatusScheduler - Found 0 pending tasks. 
2024-11-29 10:43:42.62 [TaskScheduler-3] INFO  c.e.t.scheduler.TaskStatusScheduler - Task status update process completed.
2024-11-29 10:44:34.18 [SpringApplicationShutdownHook] INFO  o.s.o.j.LocalContainerEntityManagerFactoryBean - Closing JPA EntityManagerFactory for persistence unit 'default'
2024-11-29 10:44:34.18 [SpringApplicationShutdownHook] INFO  com.zaxxer.hikari.HikariDataSource - HikariPool-1 - Shutdown initiated...
2024-11-29 10:44:34.20 [SpringApplicationShutdownHook] INFO  com.zaxxer.hikari.HikariDataSource - HikariPool-1 - Shutdown completed.
